<?xml version="1.0" encoding="UTF-8"?>
<!-- Generated by org.testng.reporters.JUnitReportReporter -->
<testsuite skipped="0" hostname="Barun" name="com.capGemini.Timesheet.Timesheets.LoginTest" tests="1" failures="0" timestamp="13 Jun 2020 19:36:58 GMT" time="52.626" errors="0">
  <testcase name="login" time="52.626" classname="com.capGemini.Timesheet.Timesheets.LoginTest"/>
</testsuite> <!-- com.capGemini.Timesheet.Timesheets.LoginTest -->
